hlcsg v3.4 VL34 64-bit (Aug 17 2015)
Zoner's Half-Life Compilation Tools -- Custom Build
Based on code modifications by Sean 'Zoner' Cavanaugh
Based on Valve's version, modified with permission.
Submit detailed bug reports to (vluzacn@163.com)
-----  BEGIN  hlcsg -----
Command line: "D:\Program Files (x86)\TrenchBroom\games\Halflife\VHLT\hlcsg_x64.exe" D:/SteamLibrary/steamapps/common/Half-Life/clztplayground/maps/ptd.map -nowadtextures -clipeconomy 
Arguments: D:/SteamLibrary/steamapps/common/Half-Life/clztplayground/maps/ptd.map -nowadtextures -clipeconomy -low -wadautodetect 
Entering D:\SteamLibrary\steamapps\common\Half-Life\clztplayground\maps\ptd.map

Current hlcsg Settings
Name                 |  Setting  |  Default
---------------------|-----------|-------------------------
threads               [       8 ] [  Varies ]
verbose               [     off ] [     off ]
log                   [      on ] [      on ]
reset logfile         [      on ] [      on ]
developer             [       0 ] [       0 ]
chart                 [     off ] [     off ]
estimate              [     off ] [     off ]
max texture memory    [ 33554432 ] [ 33554432 ]
max lighting memory   [ 50331648 ] [ 50331648 ]
priority              [     Low ] [  Normal ]

noclip                [     off ] [     off ]
null texture stripping[      on ] [      on ]
clipnode economy mode [      on ] [     off ]
clip hull type        [  simple ] [  simple ]
onlyents              [     off ] [     off ]
wadtextures           [     off ] [      on ]
skyclip               [      on ] [      on ]
hullfile              [    None ] [    None ]
wad configuration file[    None ] [    None ]
wad.cfg group name    [    None ] [    None ]
nullfile              [    None ] [    None ]
nullify trigger       [      on ] [      on ]
min surface area      [   0.000 ] [   0.000 ]
brush union threshold [   0.000 ] [   0.000 ]
map scaling           [    None ] [    None ]
light name optimize   [      on ] [      on ]
convert game_text     [      on ] [      on ]

Using mapfile wad configuration
Wadfiles not in use by the map will be excluded
Wadinclude list :
[zhlt.wad]

0 entities discarded from clipping hulls
CreateBrush:
 (0.00 seconds)
CSGBrush:
 (0.00 seconds)

added 1 additional animating textures.
Including Wadfile: valve\halflife.wad
 - Contains 4 used textures, 100.00 percent of map (3116 textures in wad)

Wad files required to run the map: (None)
Texture usage is at 0.03 mb (of 32.00 mb MAX)
0.02 seconds elapsed

-----   END   hlcsg -----



hlbsp v3.4 VL34 64-bit (Aug 17 2015)
Zoner's Half-Life Compilation Tools -- Custom Build
Based on code modifications by Sean 'Zoner' Cavanaugh
Based on Valve's version, modified with permission.
Submit detailed bug reports to (vluzacn@163.com)
-----  BEGIN  hlbsp -----
Command line: "D:\Program Files (x86)\TrenchBroom\games\Halflife\VHLT\hlbsp_x64.exe" D:/SteamLibrary/steamapps/common/Half-Life/clztplayground/maps/ptd.map -chart 
Arguments: D:/SteamLibrary/steamapps/common/Half-Life/clztplayground/maps/ptd.map -chart -low 

Current hlbsp Settings
Name               |  Setting  |  Default
-------------------|-----------|-------------------------
threads             [       8 ] [  Varies ]
verbose             [     off ] [     off ]
log                 [      on ] [      on ]
developer           [       0 ] [       0 ]
chart               [      on ] [     off ]
estimate            [     off ] [     off ]
max texture memory  [ 33554432 ] [ 33554432 ]
priority            [     Low ] [  Normal ]

noclip              [     off ] [     off ]
nofill              [     off ] [     off ]
noinsidefill        [     off ] [     off ]
noopt               [     off ] [     off ]
no clipnode merging [     off ] [     off ]
null tex. stripping [      on ] [      on ]
notjunc             [     off ] [     off ]
nobrink             [     off ] [     off ]
subdivide size      [     240 ] [     240 ] (Min 64) (Max 512)
max node size       [    1024 ] [    1024 ] (Min 64) (Max 65536)
remove hull 2       [     off ] [     off ]


SolidBSP [hull 0] 32 (0.00 seconds)
BSP generation successful, writing portal file 'D:\SteamLibrary\steamapps\common\Half-Life\clztplayground\maps\ptd.prt'
SolidBSP [hull 1] 33 (0.00 seconds)
SolidBSP [hull 2] 29 (0.00 seconds)
Warning: No entities exist in hull 2, no filling performed for this hull
SolidBSP [hull 3] 33 (0.00 seconds)
Reduced 84 clipnodes to 82
Reduced 29 texinfos to 17
Reduced 4 texdatas to 4 (29108 bytes to 29108)
Reduced 122 planes to 49
FixBrinks:
Increased 82 clipnodes to 82.

Object names  Objects/Maxobjs  Memory / Maxmem  Fullness
------------  ---------------  ---------------  --------
models              3/512          192/32768    ( 0.6%)
planes             49/32768        980/655360   ( 0.1%)
vertexes           44/65535        528/786420   ( 0.1%)
nodes              25/32767        600/786408   ( 0.1%)
texinfos           17/32767        680/1310680  ( 0.1%)
faces              32/65535        640/1310700  ( 0.0%)
* worldfaces       20/32768          0/0        ( 0.1%)
clipnodes          82/32767        656/262136   ( 0.3%)
leaves             19/32760        532/917280   ( 0.1%)
* worldleaves       6/8192           0/0        ( 0.1%)
marksurfaces       42/65535         84/131070   ( 0.1%)
surfedges         140/512000       560/2048000  ( 0.0%)
edges              71/256000       284/1024000  ( 0.0%)
texdata          [variable]      29108/33554432 ( 0.1%)
lightdata        [variable]          0/50331648 ( 0.0%)
visdata          [variable]          0/8388608  ( 0.0%)
entdata          [variable]       1001/2097152  ( 0.0%)
* AllocBlock        1/64             0/0        ( 1.6%)
4 textures referenced
=== Total BSP file data space used: 35845 bytes ===
Wad files required to run the map: (None)
0.02 seconds elapsed

-----   END   hlbsp -----



hlvis v3.4 VL34 64-bit (Aug 17 2015)
Zoner's Half-Life Compilation Tools -- Custom Build
Based on code modifications by Sean 'Zoner' Cavanaugh
Based on Valve's version, modified with permission.
Submit detailed bug reports to (vluzacn@163.com)
-----  BEGIN  hlvis -----
Command line: "D:\Program Files (x86)\TrenchBroom\games\Halflife\VHLT\hlvis_x64.exe" D:/SteamLibrary/steamapps/common/Half-Life/clztplayground/maps/ptd.map 
Arguments: D:/SteamLibrary/steamapps/common/Half-Life/clztplayground/maps/ptd.map -low 
   6 portalleafs
  11 numportals

-= Current hlvis Settings =-
Name               |  Setting  |  Default
-------------------|-----------|-------------------------
threads             [       8 ] [  Varies ]
verbose             [     off ] [     off ]
log                 [      on ] [      on ]
developer           [       0 ] [       0 ]
chart               [     off ] [     off ]
estimate            [     off ] [     off ]
max texture memory  [ 33554432 ] [ 33554432 ]
max vis distance    [       0 ] [       0 ]
priority            [     Low ] [  Normal ]

fast vis            [     off ] [     off ]
full vis            [     off ] [     off ]


BasePortalVis:
 (0.00 seconds)
LeafThread:
 (0.00 seconds)
average leafs visible: 5
g_visdatasize:6  compressed from 6
0.00 seconds elapsed

-----   END   hlvis -----



hlrad v3.4 VL34 64-bit (Aug 17 2015)
Zoner's Half-Life Compilation Tools -- Custom Build
Based on code modifications by Sean 'Zoner' Cavanaugh
Based on Valve's version, modified with permission.
Submit detailed bug reports to (vluzacn@163.com)
-----  BEGIN  hlrad -----
Command line: "D:\Program Files (x86)\TrenchBroom\games\Halflife\VHLT\hlrad_x64.exe" D:/SteamLibrary/steamapps/common/Half-Life/clztplayground/maps/ptd.map -chart 
Arguments: D:/SteamLibrary/steamapps/common/Half-Life/clztplayground/maps/ptd.map -chart -low 

-= Current hlrad Settings =-
Name                | Setting             | Default
--------------------|---------------------|-------------------------
threads              [                 8 ] [            Varies ]
verbose              [               off ] [               off ]
log                  [                on ] [                on ]
developer            [                 0 ] [                 0 ]
chart                [                on ] [               off ]
estimate             [               off ] [               off ]
max texture memory   [          33554432 ] [          33554432 ]
max lighting memory  [          50331648 ] [          50331648 ]
priority             [               Low ] [            Normal ]

fast rad             [               off ] [               off ]
vismatrix algorithm  [            Sparse ] [            Sparse ]
oversampling (-extra)[               off ] [               off ]
bounces              [                 8 ] [                 8 ]
ambient light        [ 0.000 0.000 0.000 ] [ 0.000 0.000 0.000 ]
light limit threshold[           188.000 ] [           188.000 ]
circus mode          [               off ] [               off ]

smoothing threshold  [            50.000 ] [            50.000 ]
smoothing threshold 2[         no change ] [         no change ]
direct threshold     [            10.000 ] [            10.000 ]
direct light scale   [             1.000 ] [             1.000 ]
coring threshold     [             0.010 ] [             0.010 ]
patch interpolation  [                on ] [                on ]

texscale             [                on ] [                on ]
patch subdividing    [                on ] [                on ]
chop value           [            64.000 ] [            64.000 ]
texchop value        [            32.000 ] [            32.000 ]

global fade          [             1.000 ] [             1.000 ]
global texlight gap  [             0.000 ] [             0.000 ]
global light scale   [ 2.000 2.000 2.000 ] [ 2.000 2.000 2.000 ]
global gamma         [ 0.550 0.550 0.550 ] [ 0.550 0.550 0.550 ]
global light scale   [             2.000 ] [             2.000 ]
global sky diffusion [             1.000 ] [             1.000 ]

spread angles        [                on ] [                on ]
opaque entities      [                on ] [                on ]
sky lighting fix     [                on ] [                on ]
incremental          [               off ] [               off ]
dump                 [               off ] [               off ]

colour jitter        [       0.0 0.0 0.0 ] [       0.0 0.0 0.0 ]
monochromatic jitter [       0.0 0.0 0.0 ] [       0.0 0.0 0.0 ]

custom shadows with bounce light
                     [               off ] [               off ]
rgb transfers        [               off ] [               off ]
minimum final light  [                 0 ] [                 0 ]
size of transfer     [         1 (16bit) ] [         1 (16bit) ]
size of rgbtransfer  [         2 (32bit) ] [         2 (32bit) ]
soft sky             [                on ] [                on ]
translucent depth    [             2.000 ] [             2.000 ]
block opaque         [                on ] [                on ]
ignore textures      [               off ] [               off ]
reflectivity gamma   [             1.760 ] [             1.760 ]
reflectivity scale   [             0.700 ] [             0.700 ]
blur size            [             1.500 ] [             1.500 ]
no emitter range     [               off ] [               off ]
wall bleeding fix    [                on ] [                on ]


Load Textures:
4 textures referenced
Reading texlights from 'D:\Program Files (x86)\TrenchBroom\games\Halflife\VHLT\lights.rad'
0 opaque models
0 opaque faces
32 faces
Create Patches : 52 base patches
689 square feet [99328.00 square inches]
1 direct lights and 0 fast direct lights
1 light styles

FindFacePositions:
 (0.00 seconds)
BuildFacelights:
 (0.00 seconds)
BuildVisLeafs:
 (0.00 seconds)
visibility matrix   :   0.0 megs
MakeScales:
 (0.00 seconds)
Transfer Lists :        1162 :     1.16k transfers
       Indices :        1524 :     1.49k bytes
          Data :        2474 :     2.42k bytes
Bounce 1 GatherLight:
 (0.00 seconds)
Bounce 2 GatherLight:
 (0.00 seconds)
Bounce 3 GatherLight:
 (0.00 seconds)
Bounce 4 GatherLight:
 (0.00 seconds)
Bounce 5 GatherLight:
 (0.00 seconds)
Bounce 6 GatherLight:
 (0.00 seconds)
Bounce 7 GatherLight:
 (0.00 seconds)
Bounce 8 GatherLight:
 (0.00 seconds)
CreateTriangulations:
 (0.00 seconds)
AddPatchLights:
 (0.00 seconds)
FinalLightFace:
 (0.00 seconds)

Object names  Objects/Maxobjs  Memory / Maxmem  Fullness
------------  ---------------  ---------------  --------
models              3/512          192/32768    ( 0.6%)
planes             49/32768        980/655360   ( 0.1%)
vertexes           44/65535        528/786420   ( 0.1%)
nodes              25/32767        600/786408   ( 0.1%)
texinfos           17/32767        680/1310680  ( 0.1%)
faces              32/65535        640/1310700  ( 0.0%)
* worldfaces       20/32768          0/0        ( 0.1%)
clipnodes          82/32767        656/262136   ( 0.3%)
leaves             19/32760        532/917280   ( 0.1%)
* worldleaves       6/8192           0/0        ( 0.1%)
marksurfaces       42/65535         84/131070   ( 0.1%)
surfedges         140/512000       560/2048000  ( 0.0%)
edges              71/256000       284/1024000  ( 0.0%)
texdata          [variable]      29108/33554432 ( 0.1%)
lightdata        [variable]       2658/50331648 ( 0.0%)
visdata          [variable]          6/8388608  ( 0.0%)
entdata          [variable]       1001/2097152  ( 0.0%)
* AllocBlock        1/64             0/0        ( 1.6%)
4 textures referenced
=== Total BSP file data space used: 38509 bytes ===
Wad files required to run the map: (None)
0.09 seconds elapsed

-----   END   hlrad -----



