39
84
1
1
1
1
1
1
1
1
1
1
1
1
1
1
1
1
1
1
1
1
1
1
1
1
1
1
1
1
1
1
1
1
1
1
1
1
1
1
1
4 0 2 (1412.000000 736.000000 64.000000) (1412.000000 736.000000 32.000000) (1412.000000 708.000000 32.000000) (1412.000000 708.000000 64.000000) 
4 0 3 (1412.000000 700.000000 32.000000) (1412.000000 256.000000 32.000000) (1412.000000 256.000000 64.000000) (1412.000000 700.000000 64.000000) 
4 0 1 (1412.000000 736.000000 128.000000) (1412.000000 736.000000 64.000000) (1412.000000 256.000000 64.000000) (1412.000000 256.000000 128.000000) 
4 1 12 (1344.000000 256.000000 128.000000) (1312.000000 256.000000 128.000000) (1312.000000 256.000000 64.000000) (1344.000000 256.000000 64.000000) 
5 1 6 (1312.000000 256.000000 64.000000) (1312.000000 256.000000 128.000000) (1312.000000 732.000000 128.000000) (1312.000000 736.000000 124.000000) (1312.000000 736.000000 64.000000) 
4 1 2 (1404.000000 708.000000 64.000000) (1404.000000 736.000000 64.000000) (1412.000000 736.000000 64.000000) (1412.000000 708.000000 64.000000) 
4 1 3 (1412.000000 256.000000 64.000000) (1404.000000 256.000000 64.000000) (1404.000000 700.000000 64.000000) (1412.000000 700.000000 64.000000) 
4 1 4 (1404.000000 256.000000 64.000000) (1312.000000 256.000000 64.000000) (1312.000000 736.000000 64.000000) (1404.000000 736.000000 64.000000) 
4 2 4 (1404.000000 736.000000 64.000000) (1404.000000 736.000000 32.000000) (1404.000000 708.000000 32.000000) (1404.000000 708.000000 64.000000) 
4 3 4 (1404.000000 700.000000 32.000000) (1404.000000 256.000000 32.000000) (1404.000000 256.000000 64.000000) (1404.000000 700.000000 64.000000) 
4 4 12 (1312.000000 256.000000 64.000000) (1312.000000 256.000000 32.000000) (1344.000000 256.000000 32.000000) (1344.000000 256.000000 64.000000) 
4 4 8 (1312.000000 708.000000 32.000000) (1312.000000 700.000000 32.000000) (1312.000000 700.000000 64.000000) (1312.000000 708.000000 64.000000) 
4 4 10 (1312.000000 700.000000 32.000000) (1312.000000 256.000000 32.000000) (1312.000000 256.000000 64.000000) (1312.000000 700.000000 64.000000) 
4 4 7 (1312.000000 736.000000 32.000000) (1312.000000 708.000000 32.000000) (1312.000000 708.000000 64.000000) (1312.000000 736.000000 64.000000) 
3 5 11 (1148.000000 732.000000 128.000000) (1148.000000 736.000000 128.000000) (1148.000000 736.000000 124.000000) 
4 5 6 (1148.000000 732.000000 128.000000) (1148.000000 736.000000 124.000000) (1248.000000 736.000000 124.000000) (1248.000000 732.000000 128.000000) 
4 6 12 (1312.000000 256.000000 128.000000) (1216.000000 256.000000 128.000000) (1216.000000 256.000000 64.000000) (1312.000000 256.000000 64.000000) 
5 6 11 (1148.000000 256.000000 64.000000) (1148.000000 256.000000 128.000000) (1148.000000 732.000000 128.000000) (1148.000000 736.000000 124.000000) (1148.000000 736.000000 64.000000) 
4 6 9 (1276.000000 700.000000 64.000000) (1156.000000 700.000000 64.000000) (1156.000000 708.000000 64.000000) (1276.000000 708.000000 64.000000) 
4 6 8 (1312.000000 708.000000 64.000000) (1312.000000 700.000000 64.000000) (1284.000000 700.000000 64.000000) (1284.000000 708.000000 64.000000) 
4 6 10 (1312.000000 700.000000 64.000000) (1312.000000 256.000000 64.000000) (1148.000000 256.000000 64.000000) (1148.000000 700.000000 64.000000) 
4 6 7 (1148.000000 736.000000 64.000000) (1312.000000 736.000000 64.000000) (1312.000000 708.000000 64.000000) (1148.000000 708.000000 64.000000) 
4 7 11 (1148.000000 736.000000 32.000000) (1148.000000 708.000000 32.000000) (1148.000000 708.000000 64.000000) (1148.000000 736.000000 64.000000) 
4 7 9 (1276.000000 708.000000 64.000000) (1156.000000 708.000000 64.000000) (1156.000000 708.000000 32.000000) (1276.000000 708.000000 32.000000) 
4 7 8 (1312.000000 708.000000 64.000000) (1284.000000 708.000000 64.000000) (1284.000000 708.000000 32.000000) (1312.000000 708.000000 32.000000) 
4 8 10 (1284.000000 700.000000 32.000000) (1312.000000 700.000000 32.000000) (1312.000000 700.000000 64.000000) (1284.000000 700.000000 64.000000) 
4 9 10 (1156.000000 700.000000 32.000000) (1276.000000 700.000000 32.000000) (1276.000000 700.000000 64.000000) (1156.000000 700.000000 64.000000) 
4 10 12 (1216.000000 256.000000 32.000000) (1312.000000 256.000000 32.000000) (1312.000000 256.000000 64.000000) (1216.000000 256.000000 64.000000) 
4 10 11 (1148.000000 700.000000 32.000000) (1148.000000 256.000000 32.000000) (1148.000000 256.000000 64.000000) (1148.000000 700.000000 64.000000) 
4 12 22 (1216.000000 224.000000 32.000000) (1344.000000 224.000000 32.000000) (1344.000000 224.000000 128.000000) (1216.000000 224.000000 128.000000) 
4 13 15 (1504.000000 224.000000 124.000000) (1504.000000 32.000000 124.000000) (1500.000000 32.000000 128.000000) (1500.000000 224.000000 128.000000) 
4 14 15 (1504.000000 -32.000000 124.000000) (1504.000000 -224.000000 124.000000) (1500.000000 -224.000000 128.000000) (1500.000000 -32.000000 128.000000) 
4 15 21 (1472.000000 -224.000000 64.000000) (1464.000000 -224.000000 64.000000) (1464.000000 -164.000000 64.000000) (1472.000000 -164.000000 64.000000) 
4 15 19 (1464.000000 -60.000000 64.000000) (1464.000000 28.000000 64.000000) (1472.000000 28.000000 64.000000) (1472.000000 -60.000000 64.000000) 
4 15 20 (1464.000000 -156.000000 64.000000) (1464.000000 -68.000000 64.000000) (1472.000000 -68.000000 64.000000) (1472.000000 -156.000000 64.000000) 
4 15 18 (1464.000000 36.000000 64.000000) (1464.000000 124.000000 64.000000) (1472.000000 124.000000 64.000000) (1472.000000 36.000000 64.000000) 
4 15 17 (1464.000000 132.000000 64.000000) (1464.000000 224.000000 64.000000) (1472.000000 224.000000 64.000000) (1472.000000 132.000000 64.000000) 
4 15 16 (1504.000000 -224.000000 64.000000) (1472.000000 -224.000000 64.000000) (1472.000000 224.000000 64.000000) (1504.000000 224.000000 64.000000) 
4 15 22 (1464.000000 224.000000 128.000000) (1464.000000 224.000000 64.000000) (1464.000000 -224.000000 64.000000) (1464.000000 -224.000000 128.000000) 
4 16 21 (1472.000000 -224.000000 64.000000) (1472.000000 -164.000000 64.000000) (1472.000000 -164.000000 32.000000) (1472.000000 -224.000000 32.000000) 
4 16 19 (1472.000000 -60.000000 64.000000) (1472.000000 28.000000 64.000000) (1472.000000 28.000000 32.000000) (1472.000000 -60.000000 32.000000) 
4 16 20 (1472.000000 -156.000000 64.000000) (1472.000000 -68.000000 64.000000) (1472.000000 -68.000000 32.000000) (1472.000000 -156.000000 32.000000) 
4 16 18 (1472.000000 36.000000 64.000000) (1472.000000 124.000000 64.000000) (1472.000000 124.000000 32.000000) (1472.000000 36.000000 32.000000) 
4 16 17 (1472.000000 132.000000 64.000000) (1472.000000 224.000000 64.000000) (1472.000000 224.000000 32.000000) (1472.000000 132.000000 32.000000) 
4 17 22 (1464.000000 224.000000 64.000000) (1464.000000 224.000000 32.000000) (1464.000000 132.000000 32.000000) (1464.000000 132.000000 64.000000) 
4 18 22 (1464.000000 124.000000 32.000000) (1464.000000 36.000000 32.000000) (1464.000000 36.000000 64.000000) (1464.000000 124.000000 64.000000) 
4 19 22 (1464.000000 28.000000 32.000000) (1464.000000 -60.000000 32.000000) (1464.000000 -60.000000 64.000000) (1464.000000 28.000000 64.000000) 
4 20 22 (1464.000000 -68.000000 32.000000) (1464.000000 -156.000000 32.000000) (1464.000000 -156.000000 64.000000) (1464.000000 -68.000000 64.000000) 
4 21 22 (1464.000000 -164.000000 32.000000) (1464.000000 -224.000000 32.000000) (1464.000000 -224.000000 64.000000) (1464.000000 -164.000000 64.000000) 
4 22 24 (1024.000000 -128.000000 32.000000) (1024.000000 -224.000000 32.000000) (1024.000000 -224.000000 128.000000) (1024.000000 -128.000000 128.000000) 
4 22 23 (1024.000000 224.000000 32.000000) (1024.000000 128.000000 32.000000) (1024.000000 128.000000 128.000000) (1024.000000 224.000000 128.000000) 
4 23 29 (952.000000 128.000000 32.000000) (960.000000 128.000000 32.000000) (960.000000 128.000000 64.000000) (952.000000 128.000000 64.000000) 
4 23 28 (960.000000 128.000000 32.000000) (992.000000 128.000000 32.000000) (992.000000 128.000000 64.000000) (960.000000 128.000000 64.000000) 
4 23 31 (544.000000 128.000000 64.000000) (544.000000 128.000000 32.000000) (952.000000 128.000000 32.000000) (952.000000 128.000000 64.000000) 
3 23 25 (992.000000 128.000000 124.000000) (992.000000 128.000000 128.000000) (988.000000 128.000000 128.000000) 
5 23 27 (544.000000 128.000000 128.000000) (544.000000 128.000000 64.000000) (992.000000 128.000000 64.000000) (992.000000 128.000000 124.000000) (988.000000 128.000000 128.000000) 
4 24 30 (992.000000 -128.000000 32.000000) (992.000000 -224.000000 32.000000) (992.000000 -224.000000 64.000000) (992.000000 -128.000000 64.000000) 
4 24 26 (992.000000 -224.000000 124.000000) (992.000000 -224.000000 128.000000) (992.000000 -128.000000 128.000000) (992.000000 -128.000000 124.000000) 
4 24 27 (992.000000 -224.000000 64.000000) (992.000000 -224.000000 124.000000) (992.000000 -128.000000 124.000000) (992.000000 -128.000000 64.000000) 
4 25 27 (988.000000 128.000000 128.000000) (992.000000 128.000000 124.000000) (992.000000 32.000000 124.000000) (988.000000 32.000000 128.000000) 
4 26 27 (992.000000 -32.000000 124.000000) (992.000000 -224.000000 124.000000) (988.000000 -224.000000 128.000000) (988.000000 -32.000000 128.000000) 
4 27 29 (952.000000 4.000000 64.000000) (952.000000 128.000000 64.000000) (960.000000 128.000000 64.000000) (960.000000 4.000000 64.000000) 
4 27 28 (992.000000 128.000000 64.000000) (992.000000 -4.000000 64.000000) (960.000000 -4.000000 64.000000) (960.000000 128.000000 64.000000) 
4 27 30 (992.000000 -4.000000 64.000000) (992.000000 -224.000000 64.000000) (952.000000 -224.000000 64.000000) (952.000000 -4.000000 64.000000) 
4 27 31 (952.000000 -224.000000 64.000000) (544.000000 -224.000000 64.000000) (544.000000 128.000000 64.000000) (952.000000 128.000000 64.000000) 
4 28 29 (960.000000 4.000000 64.000000) (960.000000 128.000000 64.000000) (960.000000 128.000000 32.000000) (960.000000 4.000000 32.000000) 
4 28 30 (960.000000 -4.000000 32.000000) (992.000000 -4.000000 32.000000) (992.000000 -4.000000 64.000000) (960.000000 -4.000000 64.000000) 
4 29 31 (952.000000 4.000000 64.000000) (952.000000 128.000000 64.000000) (952.000000 128.000000 32.000000) (952.000000 4.000000 32.000000) 
4 30 31 (952.000000 -224.000000 64.000000) (952.000000 -4.000000 64.000000) (952.000000 -4.000000 32.000000) (952.000000 -224.000000 32.000000) 
4 32 35 (200.000000 224.000000 64.000000) (224.000000 224.000000 64.000000) (224.000000 32.000000 64.000000) (200.000000 32.000000 64.000000) 
5 32 33 (200.000000 32.000000 64.000000) (224.000000 32.000000 64.000000) (224.000000 32.000000 124.000000) (220.000000 32.000000 128.000000) (200.000000 32.000000 128.000000) 
4 32 38 (200.000000 32.000000 128.000000) (200.000000 224.000000 128.000000) (200.000000 224.000000 64.000000) (200.000000 32.000000 64.000000) 
4 33 37 (208.000000 -32.000000 64.000000) (200.000000 -32.000000 64.000000) (200.000000 -4.000000 64.000000) (208.000000 -4.000000 64.000000) 
4 33 36 (224.000000 4.000000 64.000000) (224.000000 -32.000000 64.000000) (208.000000 -32.000000 64.000000) (208.000000 4.000000 64.000000) 
4 33 35 (224.000000 32.000000 64.000000) (224.000000 4.000000 64.000000) (200.000000 4.000000 64.000000) (200.000000 32.000000 64.000000) 
4 33 38 (200.000000 -32.000000 128.000000) (200.000000 32.000000 128.000000) (200.000000 32.000000 64.000000) (200.000000 -32.000000 64.000000) 
5 33 34 (200.000000 -32.000000 128.000000) (200.000000 -32.000000 64.000000) (224.000000 -32.000000 64.000000) (224.000000 -32.000000 124.000000) (220.000000 -32.000000 128.000000) 
4 34 37 (208.000000 -224.000000 64.000000) (200.000000 -224.000000 64.000000) (200.000000 -32.000000 64.000000) (208.000000 -32.000000 64.000000) 
4 34 36 (224.000000 -32.000000 64.000000) (224.000000 -224.000000 64.000000) (208.000000 -224.000000 64.000000) (208.000000 -32.000000 64.000000) 
4 34 38 (200.000000 -224.000000 64.000000) (200.000000 -224.000000 128.000000) (200.000000 -32.000000 128.000000) (200.000000 -32.000000 64.000000) 
4 35 36 (224.000000 4.000000 64.000000) (208.000000 4.000000 64.000000) (208.000000 4.000000 32.000000) (224.000000 4.000000 32.000000) 
4 35 38 (200.000000 224.000000 32.000000) (200.000000 4.000000 32.000000) (200.000000 4.000000 64.000000) (200.000000 224.000000 64.000000) 
4 36 37 (208.000000 -4.000000 32.000000) (208.000000 -224.000000 32.000000) (208.000000 -224.000000 64.000000) (208.000000 -4.000000 64.000000) 
4 37 38 (200.000000 -4.000000 32.000000) (200.000000 -224.000000 32.000000) (200.000000 -224.000000 64.000000) (200.000000 -4.000000 64.000000) 
