hlcsg v3.4 VL33 (Feb  2 2014)
Zoner's Half-Life Compilation Tools -- Custom Build
Based on code modifications by Sean 'Zoner' Cavanaugh
Based on Valve's version, modified with permission.
Submit detailed bug reports to (vluzacn@163.com)
-----  BEGIN  hlcsg -----
Command line: "D:/Program Files/J.A.C.K./halflife/hlcsg.exe" D:\SteamLibrary\steamapps\common\Half-Life\clztplayground\maps\techdemo4thwall 
Arguments: D:\SteamLibrary\steamapps\common\Half-Life\clztplayground\maps\techdemo4thwall -low -wadautodetect 
Entering D:\SteamLibrary\steamapps\common\Half-Life\clztplayground\maps\techdemo4thwall.map

Current hlcsg Settings
Name                 |  Setting  |  Default
---------------------|-----------|-------------------------
threads               [       8 ] [  Varies ]
verbose               [     off ] [     off ]
log                   [      on ] [      on ]
reset logfile         [      on ] [      on ]
developer             [       0 ] [       0 ]
chart                 [     off ] [     off ]
estimate              [     off ] [     off ]
max texture memory    [ 33554432 ] [ 33554432 ]
max lighting memory   [ 50331648 ] [ 50331648 ]
priority              [     Low ] [  Normal ]

noclip                [     off ] [     off ]
null texture stripping[      on ] [      on ]
clipnode economy mode [     off ] [     off ]
clip hull type        [  simple ] [  simple ]
onlyents              [     off ] [     off ]
wadtextures           [      on ] [      on ]
skyclip               [      on ] [      on ]
hullfile              [    None ] [    None ]
wad configuration file[    None ] [    None ]
wad.cfg group name    [    None ] [    None ]
nullfile              [    None ] [    None ]
nullify trigger       [      on ] [      on ]
min surface area      [   0.000 ] [   0.000 ]
brush union threshold [   0.000 ] [   0.000 ]
map scaling           [    None ] [    None ]
light name optimize   [      on ] [      on ]
UTF8 game_text        [      on ] [      on ]

Using mapfile wad configuration
Wadfiles not in use by the map will be excluded
Wadinclude list :
[zhlt.wad]

CreateBrush:
 (0.00 seconds)
CSGBrush:
 (0.01 seconds)

added 2 additional animating textures.
Using Wadfile: \SteamLibrary\steamapps\common\Half-Life\valve\halflife.wad
 - Contains 9 used textures, 100.00 percent of map (3116 textures in wad)

Wad files required to run the map: "halflife.wad;"
Texture usage is at 0.07 mb (of 32.00 mb MAX)
0.03 seconds elapsed

-----   END   hlcsg -----



hlbsp v3.4 VL33 (Feb  2 2014)
Zoner's Half-Life Compilation Tools -- Custom Build
Based on code modifications by Sean 'Zoner' Cavanaugh
Based on Valve's version, modified with permission.
Submit detailed bug reports to (vluzacn@163.com)
-----  BEGIN  hlbsp -----
Command line: "D:/Program Files/J.A.C.K./halflife/hlbsp.exe" D:\SteamLibrary\steamapps\common\Half-Life\clztplayground\maps\techdemo4thwall 
Arguments: D:\SteamLibrary\steamapps\common\Half-Life\clztplayground\maps\techdemo4thwall -low -chart 

Current hlbsp Settings
Name               |  Setting  |  Default
-------------------|-----------|-------------------------
threads             [       8 ] [  Varies ]
verbose             [     off ] [     off ]
log                 [      on ] [      on ]
developer           [       0 ] [       0 ]
chart               [      on ] [     off ]
estimate            [     off ] [     off ]
max texture memory  [ 33554432 ] [ 33554432 ]
priority            [     Low ] [  Normal ]

noclip              [     off ] [     off ]
nofill              [     off ] [     off ]
noinsidefill        [     off ] [     off ]
noopt               [     off ] [     off ]
no clipnode merging [     off ] [     off ]
null tex. stripping [      on ] [      on ]
notjunc             [     off ] [     off ]
nobrink             [     off ] [     off ]
subdivide size      [     240 ] [     240 ] (Min 64) (Max 512)
max node size       [    1024 ] [    1024 ] (Min 64) (Max 65536)
remove hull 2       [     off ] [     off ]


SolidBSP [hull 0] 118 (0.00 seconds)
BSP generation successful, writing portal file 'D:\SteamLibrary\steamapps\common\Half-Life\clztplayground\maps\techdemo4thwall.prt'
SolidBSP [hull 1] 100 (0.01 seconds)
SolidBSP [hull 2] 105 (0.01 seconds)
SolidBSP [hull 3] 108 (0.01 seconds)
Reduced 529 clipnodes to 513
Reduced 58 texinfos to 36
Reduced 9 texdatas to 9 (400 bytes to 400)
Reduced 448 planes to 195
FixBrinks:
Increased 513 clipnodes to 513.

Object names  Objects/Maxobjs  Memory / Maxmem  Fullness
------------  ---------------  ---------------  --------
models             19/512         1216/32768    ( 3.7%)
planes            195/32768       3900/655360   ( 0.6%)
vertexes          337/65535       4044/786420   ( 0.5%)
nodes             183/32767       4392/786408   ( 0.6%)
texinfos           36/32767       1440/1310680  ( 0.1%)
faces             251/65535       5020/1310700  ( 0.4%)
* worldfaces      197/32768          0/0        ( 0.6%)
clipnodes         513/32767       4104/262136   ( 1.6%)
leaves            148/32760       4144/917280   ( 0.5%)
* worldleaves      39/8192           0/0        ( 0.5%)
marksurfaces      341/65535        682/131070   ( 0.5%)
surfedges        1136/512000      4544/2048000  ( 0.2%)
edges             569/256000      2276/1024000  ( 0.2%)
texdata          [variable]        400/33554432 ( 0.0%)
lightdata        [variable]          0/50331648 ( 0.0%)
visdata          [variable]          0/8388608  ( 0.0%)
entdata          [variable]      11417/2097152  ( 0.5%)
* AllocBlock        1/64             0/0        ( 1.6%)
9 textures referenced
=== Total BSP file data space used: 47579 bytes ===
Wad files required to run the map: "halflife.wad;"
0.08 seconds elapsed

-----   END   hlbsp -----



hlvis v3.4 VL33 (Feb  2 2014)
Zoner's Half-Life Compilation Tools -- Custom Build
Based on code modifications by Sean 'Zoner' Cavanaugh
Based on Valve's version, modified with permission.
Submit detailed bug reports to (vluzacn@163.com)
-----  BEGIN  hlvis -----
Command line: "D:/Program Files/J.A.C.K./halflife/hlvis.exe" D:\SteamLibrary\steamapps\common\Half-Life\clztplayground\maps\techdemo4thwall 
Arguments: D:\SteamLibrary\steamapps\common\Half-Life\clztplayground\maps\techdemo4thwall -low 
  39 portalleafs
  84 numportals

-= Current hlvis Settings =-
Name               |  Setting  |  Default
-------------------|-----------|-------------------------
threads             [       8 ] [  Varies ]
verbose             [     off ] [     off ]
log                 [      on ] [      on ]
developer           [       0 ] [       0 ]
chart               [     off ] [     off ]
estimate            [     off ] [     off ]
max texture memory  [ 33554432 ] [ 33554432 ]
max vis distance    [       0 ] [       0 ]
priority            [     Low ] [  Normal ]

fast vis            [     off ] [     off ]
full vis            [     off ] [     off ]


BasePortalVis:
 (0.00 seconds)
LeafThread:
 (0.00 seconds)
average leafs visible: 20
g_visdatasize:207  compressed from 195
0.01 seconds elapsed

-----   END   hlvis -----



hlrad v3.4 VL33 (Feb  2 2014)
Zoner's Half-Life Compilation Tools -- Custom Build
Based on code modifications by Sean 'Zoner' Cavanaugh
Based on Valve's version, modified with permission.
Submit detailed bug reports to (vluzacn@163.com)
-----  BEGIN  hlrad -----
Command line: "D:/Program Files/J.A.C.K./halflife/hlrad.exe" D:\SteamLibrary\steamapps\common\Half-Life\clztplayground\maps\techdemo4thwall 
Arguments: D:\SteamLibrary\steamapps\common\Half-Life\clztplayground\maps\techdemo4thwall -low 

-= Current hlrad Settings =-
Name                | Setting             | Default
--------------------|---------------------|-------------------------
threads              [                 8 ] [            Varies ]
verbose              [               off ] [               off ]
log                  [                on ] [                on ]
developer            [                 0 ] [                 0 ]
chart                [               off ] [               off ]
estimate             [               off ] [               off ]
max texture memory   [          33554432 ] [          33554432 ]
max lighting memory  [          50331648 ] [          50331648 ]
priority             [               Low ] [            Normal ]

fast rad             [               off ] [               off ]
vismatrix algorithm  [            Sparse ] [            Sparse ]
oversampling (-extra)[               off ] [               off ]
bounces              [                 8 ] [                 8 ]
ambient light        [ 0.000 0.000 0.000 ] [ 0.000 0.000 0.000 ]
light limit threshold[           188.000 ] [           188.000 ]
circus mode          [               off ] [               off ]

smoothing threshold  [            50.000 ] [            50.000 ]
smoothing threshold 2[         no change ] [         no change ]
direct threshold     [            10.000 ] [            10.000 ]
direct light scale   [             1.000 ] [             1.000 ]
coring threshold     [             0.010 ] [             0.010 ]
patch interpolation  [                on ] [                on ]

texscale             [                on ] [                on ]
patch subdividing    [                on ] [                on ]
chop value           [            64.000 ] [            64.000 ]
texchop value        [            32.000 ] [            32.000 ]

global fade          [             1.000 ] [             1.000 ]
global light scale   [ 2.000 2.000 2.000 ] [ 2.000 2.000 2.000 ]
global gamma         [ 0.550 0.550 0.550 ] [ 0.550 0.550 0.550 ]
global light scale   [             2.000 ] [             2.000 ]
global sky diffusion [             1.000 ] [             1.000 ]

spread angles        [                on ] [                on ]
opaque entities      [                on ] [                on ]
sky lighting fix     [                on ] [                on ]
incremental          [               off ] [               off ]
dump                 [               off ] [               off ]

colour jitter        [       0.0 0.0 0.0 ] [       0.0 0.0 0.0 ]
monochromatic jitter [       0.0 0.0 0.0 ] [       0.0 0.0 0.0 ]

custom shadows with bounce light
                     [               off ] [               off ]
rgb transfers        [               off ] [               off ]
minimum final light  [                 0 ] [                 0 ]
size of transfer     [         1 (16bit) ] [         1 (16bit) ]
size of rgbtransfer  [         2 (32bit) ] [         2 (32bit) ]
soft sky             [                on ] [                on ]
translucent depth    [             2.000 ] [             2.000 ]
block opaque         [                on ] [                on ]
ignore textures      [               off ] [               off ]
reflectivity gamma   [             1.760 ] [             1.760 ]
reflectivity scale   [             0.700 ] [             0.700 ]
blur size            [             1.500 ] [             1.500 ]
no emitter range     [               off ] [               off ]
wall bleeding fix    [                on ] [                on ]


Load Textures:
Using Wadfile: D:\SteamLibrary\steamapps\common\Half-Life\clztplayground\maps\techdemo4thwall.wa_
9 textures referenced
Reading texlights from 'D:\Program Files\J.A.C.K\halflife\lights.rad'
0 opaque models
0 opaque faces
251 faces
Create Patches : 975 base patches
16340 square feet [2353000.00 square inches]
4 direct lights and 0 fast direct lights
1 light styles

FindFacePositions:
 (0.05 seconds)
BuildFacelights:
 (0.07 seconds)
BuildVisLeafs:
 (0.02 seconds)
visibility matrix   :   0.1 megs
MakeScales:
 (0.05 seconds)
Transfer Lists :      205113 :   205.11k transfers
       Indices :      110548 :   107.96k bytes
          Data :      413151 :   403.47k bytes
Bounce 1 GatherLight:
 (0.00 seconds)
Bounce 2 GatherLight:
 (0.00 seconds)
Bounce 3 GatherLight:
 (0.00 seconds)
Bounce 4 GatherLight:
 (0.00 seconds)
Bounce 5 GatherLight:
 (0.00 seconds)
Bounce 6 GatherLight:
 (0.00 seconds)
Bounce 7 GatherLight:
 (0.00 seconds)
Bounce 8 GatherLight:
 (0.00 seconds)
CreateTriangulations:
 (0.00 seconds)
AddPatchLights:
 (0.07 seconds)
FinalLightFace:
 (0.00 seconds)
0.37 seconds elapsed

-----   END   hlrad -----



